[2025-04-03T01:09:05.284Z] [ERROR] Erro ao obter informações da conta:
Request failed with status code 401
[2025-04-03T01:09:05.569Z] [ERROR] Erro ao carregar ordens abertas:
TypeError: binanceService.getOpenOrders is not a function
    at OrderManager.loadOpenOrders (C:\Users\felip\OneDrive\Área de Trabalho\Felipe\Repositórios\TradingBotBinance\BackEnd\src\core\orderManager.js:67:45)
    at OrderManager.init (C:\Users\felip\OneDrive\Área de Trabalho\Felipe\Repositórios\TradingBotBinance\BackEnd\src\core\orderManager.js:47:18)
    at process.processTicksAndRejections (node:internal/process/task_queues:105:5)
    at async TradingEngine.init (C:\Users\felip\OneDrive\Área de Trabalho\Felipe\Repositórios\TradingBotBinance\BackEnd\src\core\tradingEngine.js:29:5)
    at async initTradingEngine (C:\Users\felip\OneDrive\Área de Trabalho\Felipe\Repositórios\TradingBotBinance\BackEnd\src\core\tradingEngine.js:541:3)
[2025-04-03T01:09:05.580Z] [ERROR] Erro ao carregar configurações de estratégias:
Error: ENOENT: no such file or directory, open 'C:\Users\felip\OneDrive\Área de Trabalho\Felipe\Repositórios\TradingBotBinance\BackEnd\src\config\strategies.json'
    at async open (node:internal/fs/promises:638:25)
    at async Object.readFile (node:internal/fs/promises:1242:14)
    at async loadStrategyConfigurations (C:\Users\felip\OneDrive\Área de Trabalho\Felipe\Repositórios\TradingBotBinance\BackEnd\src\strategies\strategyManager.js:64:26)
    at async loadStrategies (C:\Users\felip\OneDrive\Área de Trabalho\Felipe\Repositórios\TradingBotBinance\BackEnd\src\strategies\strategyManager.js:43:5)
    at async getStrategies (C:\Users\felip\OneDrive\Área de Trabalho\Felipe\Repositórios\TradingBotBinance\BackEnd\src\strategies\strategyManager.js:234:5)
    at async TradingEngine.init (C:\Users\felip\OneDrive\Área de Trabalho\Felipe\Repositórios\TradingBotBinance\BackEnd\src\core\tradingEngine.js:33:23)
    at async initTradingEngine (C:\Users\felip\OneDrive\Área de Trabalho\Felipe\Repositórios\TradingBotBinance\BackEnd\src\core\tradingEngine.js:541:3)
[2025-04-03T01:14:05.688Z] [ERROR] Erro ao obter informações da conta:
Request failed with status code 401
[2025-04-03T01:19:05.814Z] [ERROR] Erro ao obter informações da conta:
Request failed with status code 401
